2024-09-08T11:30:44.032Z [error]: SequelizeAccessDeniedError: Access denied for user ''@'localhost' (using password: YES)
    at ConnectionManager.connect (C:\Users\DELL\Desktop\kunal Data\Triangle Investment\triangle_apis\node_modules\sequelize\lib\dialects\mysql\connection-manager.js:94:17)
    at process.processTicksAndRejections (node:internal/process/task_queues:95:5)
    at async ConnectionManager._connect (C:\Users\DELL\Desktop\kunal Data\Triangle Investment\triangle_apis\node_modules\sequelize\lib\dialects\abstract\connection-manager.js:222:24)
    at async C:\Users\DELL\Desktop\kunal Data\Triangle Investment\triangle_apis\node_modules\sequelize\lib\dialects\abstract\connection-manager.js:174:32
    at async ConnectionManager.getConnection (C:\Users\DELL\Desktop\kunal Data\Triangle Investment\triangle_apis\node_modules\sequelize\lib\dialects\abstract\connection-manager.js:197:7)
    at async C:\Users\DELL\Desktop\kunal Data\Triangle Investment\triangle_apis\node_modules\sequelize\lib\sequelize.js:305:26
    at async MySQLQueryInterface.tableExists (C:\Users\DELL\Desktop\kunal Data\Triangle Investment\triangle_apis\node_modules\sequelize\lib\dialects\abstract\query-interface.js:102:17)
    at async User.sync (C:\Users\DELL\Desktop\kunal Data\Triangle Investment\triangle_apis\node_modules\sequelize\lib\model.js:939:21)
    at async Sequelize.sync (C:\Users\DELL\Desktop\kunal Data\Triangle Investment\triangle_apis\node_modules\sequelize\lib\sequelize.js:377:9)
    at async startServer (file:///C:/Users/DELL/Desktop/kunal%20Data/Triangle%20Investment/triangle_apis/server.js:9:5)
2024-09-08T11:38:42.136Z [error]: SequelizeAccessDeniedError: Access denied for user ''@'localhost' (using password: YES)
    at ConnectionManager.connect (C:\Users\DELL\Desktop\kunal Data\Triangle Investment\triangle_apis\node_modules\sequelize\lib\dialects\mysql\connection-manager.js:94:17)
    at process.processTicksAndRejections (node:internal/process/task_queues:95:5)
    at async ConnectionManager._connect (C:\Users\DELL\Desktop\kunal Data\Triangle Investment\triangle_apis\node_modules\sequelize\lib\dialects\abstract\connection-manager.js:222:24)
    at async C:\Users\DELL\Desktop\kunal Data\Triangle Investment\triangle_apis\node_modules\sequelize\lib\dialects\abstract\connection-manager.js:174:32
    at async ConnectionManager.getConnection (C:\Users\DELL\Desktop\kunal Data\Triangle Investment\triangle_apis\node_modules\sequelize\lib\dialects\abstract\connection-manager.js:197:7)
    at async C:\Users\DELL\Desktop\kunal Data\Triangle Investment\triangle_apis\node_modules\sequelize\lib\sequelize.js:305:26
    at async MySQLQueryInterface.tableExists (C:\Users\DELL\Desktop\kunal Data\Triangle Investment\triangle_apis\node_modules\sequelize\lib\dialects\abstract\query-interface.js:102:17)
    at async User.sync (C:\Users\DELL\Desktop\kunal Data\Triangle Investment\triangle_apis\node_modules\sequelize\lib\model.js:939:21)
    at async Sequelize.sync (C:\Users\DELL\Desktop\kunal Data\Triangle Investment\triangle_apis\node_modules\sequelize\lib\sequelize.js:377:9)
    at async startServer (file:///C:/Users/DELL/Desktop/kunal%20Data/Triangle%20Investment/triangle_apis/server.js:9:5)
2024-09-08T11:45:37.613Z [info]: Database Connected Successfully.
2024-09-08T11:45:37.620Z [info]: Server is running on port: 8900
2024-09-19T18:35:18.225Z [info]: Database Connected Successfully.
2024-09-19T18:35:18.232Z [info]: Server is running on port: 8900
2024-09-25T19:40:46.297Z [info]: Database Connected Successfully.
2024-09-25T19:40:46.324Z [info]: Server is running on port: 8900
2024-09-25T20:34:32.689Z [info]: Database Connected Successfully.
2024-09-25T20:34:33.510Z [info]: Server is running on port: 8900
2024-09-25T20:36:37.491Z [info]: Database Connected Successfully.
2024-09-25T20:36:37.527Z [info]: Server is running on port: 8900
2024-09-25T21:18:48.435Z [info]: Database Connected Successfully.
2024-09-25T21:18:48.448Z [info]: Server is running on port: 8900
2024-09-25T21:20:42.699Z [info]: Database Connected Successfully.
2024-09-25T21:20:42.715Z [info]: Server is running on port: 8900
2024-09-25T21:20:58.657Z [info]: Database Connected Successfully.
2024-09-25T21:20:58.673Z [info]: Server is running on port: 8900
2024-09-25T21:21:26.317Z [info]: Database Connected Successfully.
2024-09-25T21:21:26.333Z [info]: Server is running on port: 8900
2024-09-25T21:21:56.292Z [info]: Database Connected Successfully.
2024-09-25T21:21:56.305Z [info]: Server is running on port: 8900
2024-09-25T21:23:21.071Z [info]: Database Connected Successfully.
2024-09-25T21:23:21.080Z [info]: Server is running on port: 8900
2024-09-25T21:24:11.835Z [info]: Database Connected Successfully.
2024-09-25T21:24:11.851Z [info]: Server is running on port: 8900
2024-09-25T21:25:47.153Z [info]: Database Connected Successfully.
2024-09-25T21:25:47.169Z [info]: Server is running on port: 8900
2024-09-25T21:27:56.731Z [info]: Database Connected Successfully.
2024-09-25T21:27:56.748Z [info]: Server is running on port: 8900
2024-09-25T21:33:30.142Z [info]: Database Connected Successfully.
2024-09-25T21:33:30.169Z [info]: Server is running on port: 8900
2024-09-25T21:39:25.829Z [info]: Database Connected Successfully.
2024-09-25T21:39:25.842Z [info]: Server is running on port: 8900
2024-09-25T21:53:03.296Z [info]: Database Connected Successfully.
2024-09-25T21:53:03.307Z [info]: Server is running on port: 8900
2024-09-25T21:58:55.936Z [info]: Database Connected Successfully.
2024-09-25T21:58:55.950Z [info]: Server is running on port: 8900
2024-09-25T21:59:58.256Z [info]: Database Connected Successfully.
2024-09-25T21:59:58.267Z [info]: Server is running on port: 8900
2024-09-25T22:03:32.474Z [info]: Database Connected Successfully.
2024-09-25T22:03:32.481Z [info]: Server is running on port: 8900
2024-09-25T22:04:04.461Z [info]: Database Connected Successfully.
2024-09-25T22:04:04.475Z [info]: Server is running on port: 8900
2024-09-25T22:04:34.372Z [info]: Database Connected Successfully.
2024-09-25T22:04:34.383Z [info]: Server is running on port: 8900
2024-09-25T22:06:05.927Z [info]: Database Connected Successfully.
2024-09-25T22:06:05.939Z [info]: Server is running on port: 8900
2024-09-25T22:07:00.039Z [info]: Database Connected Successfully.
2024-09-25T22:07:00.046Z [info]: Server is running on port: 8900
2024-09-26T03:29:39.646Z [info]: Database Connected Successfully.
2024-09-26T03:29:39.651Z [info]: Server is running on port: 8900
2024-09-26T03:29:53.177Z [info]: Database Connected Successfully.
2024-09-26T03:29:53.184Z [info]: Server is running on port: 8900
2024-09-26T03:30:30.927Z [info]: Database Connected Successfully.
2024-09-26T03:30:30.938Z [info]: Server is running on port: 8900
2024-09-27T18:04:12.033Z [info]: Database Connected Successfully.
2024-09-27T18:04:12.044Z [info]: Server is running on port: 8900
2024-09-27T18:40:43.891Z [info]: Database Connected Successfully.
2024-09-27T18:40:43.899Z [info]: Server is running on port: 8900
2024-09-27T18:40:54.992Z [info]: Database Connected Successfully.
2024-09-27T18:40:54.998Z [info]: Server is running on port: 8900
2024-09-27T18:41:22.152Z [info]: Database Connected Successfully.
2024-09-27T18:41:22.160Z [info]: Server is running on port: 8900
2024-09-27T18:41:26.707Z [info]: Database Connected Successfully.
2024-09-27T18:41:26.713Z [info]: Server is running on port: 8900
2024-09-27T18:41:34.420Z [info]: Database Connected Successfully.
2024-09-27T18:41:34.428Z [info]: Server is running on port: 8900
2024-09-27T18:44:20.116Z [info]: Database Connected Successfully.
2024-09-27T18:44:20.123Z [info]: Server is running on port: 8900
2024-09-27T18:44:36.657Z [info]: Database Connected Successfully.
2024-09-27T18:44:36.662Z [info]: Server is running on port: 8900
2024-09-27T18:44:42.472Z [info]: Database Connected Successfully.
2024-09-27T18:44:42.478Z [info]: Server is running on port: 8900
2024-09-27T18:47:31.375Z [info]: Database Connected Successfully.
2024-09-27T18:47:31.391Z [info]: Server is running on port: 8900
2024-09-27T18:47:37.614Z [info]: Database Connected Successfully.
2024-09-27T18:47:37.623Z [info]: Server is running on port: 8900
2024-09-27T18:47:53.120Z [info]: Database Connected Successfully.
2024-09-27T18:47:53.127Z [info]: Server is running on port: 8900
2024-09-27T18:48:08.309Z [info]: Database Connected Successfully.
2024-09-27T18:48:08.316Z [info]: Server is running on port: 8900
2024-09-27T18:48:16.701Z [info]: Database Connected Successfully.
2024-09-27T18:48:16.707Z [info]: Server is running on port: 8900
2024-09-27T19:28:07.849Z [info]: Database Connected Successfully.
2024-09-27T19:28:07.861Z [info]: Server is running on port: 8900
2024-09-27T19:40:01.651Z [info]: Database Connected Successfully.
2024-09-27T19:40:01.664Z [info]: Server is running on port: 8900
2024-09-27T19:40:41.580Z [info]: Database Connected Successfully.
2024-09-27T19:40:41.592Z [info]: Server is running on port: 8900
2024-09-27T19:41:19.056Z [info]: Database Connected Successfully.
2024-09-27T19:41:19.072Z [info]: Server is running on port: 8900
2024-09-27T19:43:25.532Z [info]: Database Connected Successfully.
2024-09-27T19:43:25.546Z [info]: Server is running on port: 8900
2024-09-27T19:45:32.460Z [info]: Database Connected Successfully.
2024-09-27T19:45:32.475Z [info]: Server is running on port: 8900
2024-09-27T19:56:59.445Z [info]: Database Connected Successfully.
2024-09-27T19:56:59.459Z [info]: Server is running on port: 8900
2024-09-27T19:57:22.053Z [info]: Database Connected Successfully.
2024-09-27T19:57:22.065Z [info]: Server is running on port: 8900
2024-09-27T19:58:01.115Z [info]: Database Connected Successfully.
2024-09-27T19:58:01.127Z [info]: Server is running on port: 8900
2024-09-27T19:58:14.672Z [info]: Database Connected Successfully.
2024-09-27T19:58:14.677Z [info]: Server is running on port: 8900
2024-09-27T19:58:23.147Z [info]: Database Connected Successfully.
2024-09-27T19:58:23.163Z [info]: Server is running on port: 8900
2024-09-28T04:36:40.158Z [info]: Database Connected Successfully.
2024-09-28T04:36:40.165Z [info]: Server is running on port: 8900
2024-09-28T04:37:17.161Z [info]: Database Connected Successfully.
2024-09-28T04:37:17.175Z [info]: Server is running on port: 8900
2024-09-28T04:37:58.982Z [info]: Database Connected Successfully.
2024-09-28T04:37:58.995Z [info]: Server is running on port: 8900
2024-09-28T04:38:17.047Z [info]: Database Connected Successfully.
2024-09-28T04:38:17.061Z [info]: Server is running on port: 8900
2024-09-28T04:38:47.516Z [info]: Database Connected Successfully.
2024-09-28T04:38:47.528Z [info]: Server is running on port: 8900
2024-09-28T04:39:13.144Z [info]: Database Connected Successfully.
2024-09-28T04:39:13.154Z [info]: Server is running on port: 8900
2024-09-28T04:39:33.081Z [error]: SequelizeConnectionError: connect ETIMEDOUT
    at ConnectionManager.connect (C:\Users\DELL\Desktop\kunal Data\Triangle Investment\triangle_apis\node_modules\sequelize\lib\dialects\mysql\connection-manager.js:102:17)
    at process.processTicksAndRejections (node:internal/process/task_queues:95:5)
    at async ConnectionManager._connect (C:\Users\DELL\Desktop\kunal Data\Triangle Investment\triangle_apis\node_modules\sequelize\lib\dialects\abstract\connection-manager.js:222:24)
    at async C:\Users\DELL\Desktop\kunal Data\Triangle Investment\triangle_apis\node_modules\sequelize\lib\dialects\abstract\connection-manager.js:174:32
    at async ConnectionManager.getConnection (C:\Users\DELL\Desktop\kunal Data\Triangle Investment\triangle_apis\node_modules\sequelize\lib\dialects\abstract\connection-manager.js:197:7)
    at async C:\Users\DELL\Desktop\kunal Data\Triangle Investment\triangle_apis\node_modules\sequelize\lib\sequelize.js:305:26
    at async MySQLQueryInterface.tableExists (C:\Users\DELL\Desktop\kunal Data\Triangle Investment\triangle_apis\node_modules\sequelize\lib\dialects\abstract\query-interface.js:102:17)
    at async User.sync (C:\Users\DELL\Desktop\kunal Data\Triangle Investment\triangle_apis\node_modules\sequelize\lib\model.js:939:21)
    at async Sequelize.sync (C:\Users\DELL\Desktop\kunal Data\Triangle Investment\triangle_apis\node_modules\sequelize\lib\sequelize.js:377:9)
    at async startServer (file:///C:/Users/DELL/Desktop/kunal%20Data/Triangle%20Investment/triangle_apis/server.js:9:5)
2024-09-28T04:43:15.389Z [info]: Database Connected Successfully.
2024-09-28T04:43:15.401Z [info]: Server is running on port: 8900
2024-09-28T04:44:25.014Z [info]: Database Connected Successfully.
2024-09-28T04:44:25.029Z [info]: Server is running on port: 8900
2024-09-28T04:44:36.587Z [info]: Database Connected Successfully.
2024-09-28T04:44:36.599Z [info]: Server is running on port: 8900
2024-09-28T04:44:49.996Z [info]: Database Connected Successfully.
2024-09-28T04:44:50.005Z [info]: Server is running on port: 8900
2024-09-28T04:48:45.037Z [info]: Database Connected Successfully.
2024-09-28T04:48:45.050Z [info]: Server is running on port: 8900
2024-09-28T04:51:21.764Z [info]: Database Connected Successfully.
2024-09-28T04:51:21.776Z [info]: Server is running on port: 8900
2024-09-28T04:53:19.688Z [info]: Database Connected Successfully.
2024-09-28T04:53:19.702Z [info]: Server is running on port: 8900
2024-09-28T04:55:49.752Z [info]: Database Connected Successfully.
2024-09-28T04:55:49.764Z [info]: Server is running on port: 8900
2024-09-28T04:56:05.511Z [info]: Database Connected Successfully.
2024-09-28T04:56:05.522Z [info]: Server is running on port: 8900
2024-09-28T04:57:03.170Z [info]: Database Connected Successfully.
2024-09-28T04:57:03.185Z [info]: Server is running on port: 8900
2024-09-28T04:57:09.563Z [info]: Database Connected Successfully.
2024-09-28T04:57:09.575Z [info]: Server is running on port: 8900
2024-09-28T04:57:29.841Z [info]: Database Connected Successfully.
2024-09-28T04:57:29.853Z [info]: Server is running on port: 8900
2024-09-28T04:57:39.374Z [info]: Database Connected Successfully.
2024-09-28T04:57:39.388Z [info]: Server is running on port: 8900
2024-09-28T05:00:02.793Z [info]: Database Connected Successfully.
2024-09-28T05:00:02.805Z [info]: Server is running on port: 8900
2024-09-28T05:00:28.658Z [info]: Database Connected Successfully.
2024-09-28T05:00:28.670Z [info]: Server is running on port: 8900
2024-09-28T05:00:40.365Z [info]: Database Connected Successfully.
2024-09-28T05:00:40.378Z [info]: Server is running on port: 8900
2024-09-28T05:00:53.028Z [info]: Database Connected Successfully.
2024-09-28T05:00:53.034Z [info]: Server is running on port: 8900
2024-09-28T05:01:08.439Z [info]: Database Connected Successfully.
2024-09-28T05:01:08.446Z [info]: Server is running on port: 8900
2024-09-28T05:01:14.483Z [info]: Database Connected Successfully.
2024-09-28T05:01:14.494Z [info]: Server is running on port: 8900
2024-09-28T05:01:30.852Z [info]: Database Connected Successfully.
2024-09-28T05:01:30.868Z [info]: Server is running on port: 8900
2024-09-28T05:01:44.947Z [info]: Database Connected Successfully.
2024-09-28T05:01:44.963Z [info]: Server is running on port: 8900
2024-09-28T05:01:56.039Z [info]: Database Connected Successfully.
2024-09-28T05:01:56.048Z [info]: Server is running on port: 8900
2024-09-28T05:07:03.528Z [info]: Database Connected Successfully.
2024-09-28T05:07:03.545Z [info]: Server is running on port: 8900
2024-09-28T05:08:48.226Z [error]: SequelizeConnectionError: connect ETIMEDOUT
    at ConnectionManager.connect (C:\Users\DELL\Desktop\kunal Data\Triangle Investment\triangle_apis\node_modules\sequelize\lib\dialects\mysql\connection-manager.js:102:17)
    at process.processTicksAndRejections (node:internal/process/task_queues:95:5)
    at async ConnectionManager._connect (C:\Users\DELL\Desktop\kunal Data\Triangle Investment\triangle_apis\node_modules\sequelize\lib\dialects\abstract\connection-manager.js:222:24)
    at async C:\Users\DELL\Desktop\kunal Data\Triangle Investment\triangle_apis\node_modules\sequelize\lib\dialects\abstract\connection-manager.js:174:32
    at async ConnectionManager.getConnection (C:\Users\DELL\Desktop\kunal Data\Triangle Investment\triangle_apis\node_modules\sequelize\lib\dialects\abstract\connection-manager.js:197:7)
    at async C:\Users\DELL\Desktop\kunal Data\Triangle Investment\triangle_apis\node_modules\sequelize\lib\sequelize.js:305:26
    at async MySQLQueryInterface.tableExists (C:\Users\DELL\Desktop\kunal Data\Triangle Investment\triangle_apis\node_modules\sequelize\lib\dialects\abstract\query-interface.js:102:17)
    at async User.sync (C:\Users\DELL\Desktop\kunal Data\Triangle Investment\triangle_apis\node_modules\sequelize\lib\model.js:939:21)
    at async Sequelize.sync (C:\Users\DELL\Desktop\kunal Data\Triangle Investment\triangle_apis\node_modules\sequelize\lib\sequelize.js:377:9)
    at async startServer (file:///C:/Users/DELL/Desktop/kunal%20Data/Triangle%20Investment/triangle_apis/server.js:9:5)
2024-09-28T05:09:53.425Z [error]: SequelizeConnectionError: connect ETIMEDOUT
    at ConnectionManager.connect (C:\Users\DELL\Desktop\kunal Data\Triangle Investment\triangle_apis\node_modules\sequelize\lib\dialects\mysql\connection-manager.js:102:17)
    at process.processTicksAndRejections (node:internal/process/task_queues:95:5)
    at async ConnectionManager._connect (C:\Users\DELL\Desktop\kunal Data\Triangle Investment\triangle_apis\node_modules\sequelize\lib\dialects\abstract\connection-manager.js:222:24)
    at async C:\Users\DELL\Desktop\kunal Data\Triangle Investment\triangle_apis\node_modules\sequelize\lib\dialects\abstract\connection-manager.js:174:32
    at async ConnectionManager.getConnection (C:\Users\DELL\Desktop\kunal Data\Triangle Investment\triangle_apis\node_modules\sequelize\lib\dialects\abstract\connection-manager.js:197:7)
    at async C:\Users\DELL\Desktop\kunal Data\Triangle Investment\triangle_apis\node_modules\sequelize\lib\sequelize.js:305:26
    at async MySQLQueryInterface.tableExists (C:\Users\DELL\Desktop\kunal Data\Triangle Investment\triangle_apis\node_modules\sequelize\lib\dialects\abstract\query-interface.js:102:17)
    at async User.sync (C:\Users\DELL\Desktop\kunal Data\Triangle Investment\triangle_apis\node_modules\sequelize\lib\model.js:939:21)
    at async Sequelize.sync (C:\Users\DELL\Desktop\kunal Data\Triangle Investment\triangle_apis\node_modules\sequelize\lib\sequelize.js:377:9)
    at async startServer (file:///C:/Users/DELL/Desktop/kunal%20Data/Triangle%20Investment/triangle_apis/server.js:9:5)
2024-09-28T05:13:55.788Z [error]: SequelizeConnectionError: connect ETIMEDOUT
    at ConnectionManager.connect (C:\Users\DELL\Desktop\kunal Data\Triangle Investment\triangle_apis\node_modules\sequelize\lib\dialects\mysql\connection-manager.js:102:17)
    at process.processTicksAndRejections (node:internal/process/task_queues:95:5)
    at async ConnectionManager._connect (C:\Users\DELL\Desktop\kunal Data\Triangle Investment\triangle_apis\node_modules\sequelize\lib\dialects\abstract\connection-manager.js:222:24)
    at async C:\Users\DELL\Desktop\kunal Data\Triangle Investment\triangle_apis\node_modules\sequelize\lib\dialects\abstract\connection-manager.js:174:32
    at async ConnectionManager.getConnection (C:\Users\DELL\Desktop\kunal Data\Triangle Investment\triangle_apis\node_modules\sequelize\lib\dialects\abstract\connection-manager.js:197:7)
    at async C:\Users\DELL\Desktop\kunal Data\Triangle Investment\triangle_apis\node_modules\sequelize\lib\sequelize.js:305:26
    at async MySQLQueryInterface.tableExists (C:\Users\DELL\Desktop\kunal Data\Triangle Investment\triangle_apis\node_modules\sequelize\lib\dialects\abstract\query-interface.js:102:17)
    at async User.sync (C:\Users\DELL\Desktop\kunal Data\Triangle Investment\triangle_apis\node_modules\sequelize\lib\model.js:939:21)
    at async Sequelize.sync (C:\Users\DELL\Desktop\kunal Data\Triangle Investment\triangle_apis\node_modules\sequelize\lib\sequelize.js:377:9)
    at async startServer (file:///C:/Users/DELL/Desktop/kunal%20Data/Triangle%20Investment/triangle_apis/server.js:9:5)
2024-09-28T05:15:59.178Z [error]: SequelizeConnectionError: connect ETIMEDOUT
    at ConnectionManager.connect (C:\Users\DELL\Desktop\kunal Data\Triangle Investment\triangle_apis\node_modules\sequelize\lib\dialects\mysql\connection-manager.js:102:17)
    at process.processTicksAndRejections (node:internal/process/task_queues:95:5)
    at async ConnectionManager._connect (C:\Users\DELL\Desktop\kunal Data\Triangle Investment\triangle_apis\node_modules\sequelize\lib\dialects\abstract\connection-manager.js:222:24)
    at async C:\Users\DELL\Desktop\kunal Data\Triangle Investment\triangle_apis\node_modules\sequelize\lib\dialects\abstract\connection-manager.js:174:32
    at async ConnectionManager.getConnection (C:\Users\DELL\Desktop\kunal Data\Triangle Investment\triangle_apis\node_modules\sequelize\lib\dialects\abstract\connection-manager.js:197:7)
    at async C:\Users\DELL\Desktop\kunal Data\Triangle Investment\triangle_apis\node_modules\sequelize\lib\sequelize.js:305:26
    at async MySQLQueryInterface.tableExists (C:\Users\DELL\Desktop\kunal Data\Triangle Investment\triangle_apis\node_modules\sequelize\lib\dialects\abstract\query-interface.js:102:17)
    at async User.sync (C:\Users\DELL\Desktop\kunal Data\Triangle Investment\triangle_apis\node_modules\sequelize\lib\model.js:939:21)
    at async Sequelize.sync (C:\Users\DELL\Desktop\kunal Data\Triangle Investment\triangle_apis\node_modules\sequelize\lib\sequelize.js:377:9)
    at async startServer (file:///C:/Users/DELL/Desktop/kunal%20Data/Triangle%20Investment/triangle_apis/server.js:9:5)
2024-09-28T05:17:51.946Z [error]: SequelizeConnectionError: connect ETIMEDOUT
    at ConnectionManager.connect (C:\Users\DELL\Desktop\kunal Data\Triangle Investment\triangle_apis\node_modules\sequelize\lib\dialects\mysql\connection-manager.js:102:17)
    at process.processTicksAndRejections (node:internal/process/task_queues:95:5)
    at async ConnectionManager._connect (C:\Users\DELL\Desktop\kunal Data\Triangle Investment\triangle_apis\node_modules\sequelize\lib\dialects\abstract\connection-manager.js:222:24)
    at async C:\Users\DELL\Desktop\kunal Data\Triangle Investment\triangle_apis\node_modules\sequelize\lib\dialects\abstract\connection-manager.js:174:32
    at async ConnectionManager.getConnection (C:\Users\DELL\Desktop\kunal Data\Triangle Investment\triangle_apis\node_modules\sequelize\lib\dialects\abstract\connection-manager.js:197:7)
    at async C:\Users\DELL\Desktop\kunal Data\Triangle Investment\triangle_apis\node_modules\sequelize\lib\sequelize.js:305:26
    at async MySQLQueryInterface.tableExists (C:\Users\DELL\Desktop\kunal Data\Triangle Investment\triangle_apis\node_modules\sequelize\lib\dialects\abstract\query-interface.js:102:17)
    at async User.sync (C:\Users\DELL\Desktop\kunal Data\Triangle Investment\triangle_apis\node_modules\sequelize\lib\model.js:939:21)
    at async Sequelize.sync (C:\Users\DELL\Desktop\kunal Data\Triangle Investment\triangle_apis\node_modules\sequelize\lib\sequelize.js:377:9)
    at async startServer (file:///C:/Users/DELL/Desktop/kunal%20Data/Triangle%20Investment/triangle_apis/server.js:9:5)
2024-09-28T05:20:16.419Z [error]: SequelizeConnectionError: connect ETIMEDOUT
    at ConnectionManager.connect (C:\Users\DELL\Desktop\kunal Data\Triangle Investment\triangle_apis\node_modules\sequelize\lib\dialects\mysql\connection-manager.js:102:17)
    at process.processTicksAndRejections (node:internal/process/task_queues:95:5)
    at async ConnectionManager._connect (C:\Users\DELL\Desktop\kunal Data\Triangle Investment\triangle_apis\node_modules\sequelize\lib\dialects\abstract\connection-manager.js:222:24)
    at async C:\Users\DELL\Desktop\kunal Data\Triangle Investment\triangle_apis\node_modules\sequelize\lib\dialects\abstract\connection-manager.js:174:32
    at async ConnectionManager.getConnection (C:\Users\DELL\Desktop\kunal Data\Triangle Investment\triangle_apis\node_modules\sequelize\lib\dialects\abstract\connection-manager.js:197:7)
    at async C:\Users\DELL\Desktop\kunal Data\Triangle Investment\triangle_apis\node_modules\sequelize\lib\sequelize.js:305:26
    at async MySQLQueryInterface.tableExists (C:\Users\DELL\Desktop\kunal Data\Triangle Investment\triangle_apis\node_modules\sequelize\lib\dialects\abstract\query-interface.js:102:17)
    at async User.sync (C:\Users\DELL\Desktop\kunal Data\Triangle Investment\triangle_apis\node_modules\sequelize\lib\model.js:939:21)
    at async Sequelize.sync (C:\Users\DELL\Desktop\kunal Data\Triangle Investment\triangle_apis\node_modules\sequelize\lib\sequelize.js:377:9)
    at async startServer (file:///C:/Users/DELL/Desktop/kunal%20Data/Triangle%20Investment/triangle_apis/server.js:9:5)
2024-09-28T05:20:48.284Z [error]: SequelizeConnectionError: connect ETIMEDOUT
    at ConnectionManager.connect (C:\Users\DELL\Desktop\kunal Data\Triangle Investment\triangle_apis\node_modules\sequelize\lib\dialects\mysql\connection-manager.js:102:17)
    at process.processTicksAndRejections (node:internal/process/task_queues:95:5)
    at async ConnectionManager._connect (C:\Users\DELL\Desktop\kunal Data\Triangle Investment\triangle_apis\node_modules\sequelize\lib\dialects\abstract\connection-manager.js:222:24)
    at async C:\Users\DELL\Desktop\kunal Data\Triangle Investment\triangle_apis\node_modules\sequelize\lib\dialects\abstract\connection-manager.js:174:32
    at async ConnectionManager.getConnection (C:\Users\DELL\Desktop\kunal Data\Triangle Investment\triangle_apis\node_modules\sequelize\lib\dialects\abstract\connection-manager.js:197:7)
    at async C:\Users\DELL\Desktop\kunal Data\Triangle Investment\triangle_apis\node_modules\sequelize\lib\sequelize.js:305:26
    at async MySQLQueryInterface.tableExists (C:\Users\DELL\Desktop\kunal Data\Triangle Investment\triangle_apis\node_modules\sequelize\lib\dialects\abstract\query-interface.js:102:17)
    at async User.sync (C:\Users\DELL\Desktop\kunal Data\Triangle Investment\triangle_apis\node_modules\sequelize\lib\model.js:939:21)
    at async Sequelize.sync (C:\Users\DELL\Desktop\kunal Data\Triangle Investment\triangle_apis\node_modules\sequelize\lib\sequelize.js:377:9)
    at async startServer (file:///C:/Users/DELL/Desktop/kunal%20Data/Triangle%20Investment/triangle_apis/server.js:9:5)
2024-09-28T05:21:10.102Z [error]: SequelizeConnectionError: connect ETIMEDOUT
    at ConnectionManager.connect (C:\Users\DELL\Desktop\kunal Data\Triangle Investment\triangle_apis\node_modules\sequelize\lib\dialects\mysql\connection-manager.js:102:17)
    at process.processTicksAndRejections (node:internal/process/task_queues:95:5)
    at async ConnectionManager._connect (C:\Users\DELL\Desktop\kunal Data\Triangle Investment\triangle_apis\node_modules\sequelize\lib\dialects\abstract\connection-manager.js:222:24)
    at async C:\Users\DELL\Desktop\kunal Data\Triangle Investment\triangle_apis\node_modules\sequelize\lib\dialects\abstract\connection-manager.js:174:32
    at async ConnectionManager.getConnection (C:\Users\DELL\Desktop\kunal Data\Triangle Investment\triangle_apis\node_modules\sequelize\lib\dialects\abstract\connection-manager.js:197:7)
    at async C:\Users\DELL\Desktop\kunal Data\Triangle Investment\triangle_apis\node_modules\sequelize\lib\sequelize.js:305:26
    at async MySQLQueryInterface.tableExists (C:\Users\DELL\Desktop\kunal Data\Triangle Investment\triangle_apis\node_modules\sequelize\lib\dialects\abstract\query-interface.js:102:17)
    at async User.sync (C:\Users\DELL\Desktop\kunal Data\Triangle Investment\triangle_apis\node_modules\sequelize\lib\model.js:939:21)
    at async Sequelize.sync (C:\Users\DELL\Desktop\kunal Data\Triangle Investment\triangle_apis\node_modules\sequelize\lib\sequelize.js:377:9)
    at async startServer (file:///C:/Users/DELL/Desktop/kunal%20Data/Triangle%20Investment/triangle_apis/server.js:9:5)
2024-09-28T05:27:02.908Z [error]: SequelizeConnectionError: connect ETIMEDOUT
    at ConnectionManager.connect (C:\Users\DELL\Desktop\kunal Data\Triangle Investment\triangle_apis\node_modules\sequelize\lib\dialects\mysql\connection-manager.js:102:17)
    at process.processTicksAndRejections (node:internal/process/task_queues:95:5)
    at async ConnectionManager._connect (C:\Users\DELL\Desktop\kunal Data\Triangle Investment\triangle_apis\node_modules\sequelize\lib\dialects\abstract\connection-manager.js:222:24)
    at async C:\Users\DELL\Desktop\kunal Data\Triangle Investment\triangle_apis\node_modules\sequelize\lib\dialects\abstract\connection-manager.js:174:32
    at async ConnectionManager.getConnection (C:\Users\DELL\Desktop\kunal Data\Triangle Investment\triangle_apis\node_modules\sequelize\lib\dialects\abstract\connection-manager.js:197:7)
    at async C:\Users\DELL\Desktop\kunal Data\Triangle Investment\triangle_apis\node_modules\sequelize\lib\sequelize.js:305:26
    at async MySQLQueryInterface.tableExists (C:\Users\DELL\Desktop\kunal Data\Triangle Investment\triangle_apis\node_modules\sequelize\lib\dialects\abstract\query-interface.js:102:17)
    at async User.sync (C:\Users\DELL\Desktop\kunal Data\Triangle Investment\triangle_apis\node_modules\sequelize\lib\model.js:939:21)
    at async Sequelize.sync (C:\Users\DELL\Desktop\kunal Data\Triangle Investment\triangle_apis\node_modules\sequelize\lib\sequelize.js:377:9)
    at async startServer (file:///C:/Users/DELL/Desktop/kunal%20Data/Triangle%20Investment/triangle_apis/server.js:9:5)
2024-09-28T05:27:49.633Z [error]: SequelizeConnectionError: connect ETIMEDOUT
    at ConnectionManager.connect (C:\Users\DELL\Desktop\kunal Data\Triangle Investment\triangle_apis\node_modules\sequelize\lib\dialects\mysql\connection-manager.js:102:17)
    at process.processTicksAndRejections (node:internal/process/task_queues:95:5)
    at async ConnectionManager._connect (C:\Users\DELL\Desktop\kunal Data\Triangle Investment\triangle_apis\node_modules\sequelize\lib\dialects\abstract\connection-manager.js:222:24)
    at async C:\Users\DELL\Desktop\kunal Data\Triangle Investment\triangle_apis\node_modules\sequelize\lib\dialects\abstract\connection-manager.js:174:32
    at async ConnectionManager.getConnection (C:\Users\DELL\Desktop\kunal Data\Triangle Investment\triangle_apis\node_modules\sequelize\lib\dialects\abstract\connection-manager.js:197:7)
    at async C:\Users\DELL\Desktop\kunal Data\Triangle Investment\triangle_apis\node_modules\sequelize\lib\sequelize.js:305:26
    at async MySQLQueryInterface.tableExists (C:\Users\DELL\Desktop\kunal Data\Triangle Investment\triangle_apis\node_modules\sequelize\lib\dialects\abstract\query-interface.js:102:17)
    at async User.sync (C:\Users\DELL\Desktop\kunal Data\Triangle Investment\triangle_apis\node_modules\sequelize\lib\model.js:939:21)
    at async Sequelize.sync (C:\Users\DELL\Desktop\kunal Data\Triangle Investment\triangle_apis\node_modules\sequelize\lib\sequelize.js:377:9)
    at async startServer (file:///C:/Users/DELL/Desktop/kunal%20Data/Triangle%20Investment/triangle_apis/server.js:9:5)
2024-09-28T05:29:44.560Z [info]: Database Connected Successfully.
2024-09-28T05:29:44.576Z [info]: Server is running on port: 8900
2024-09-28T05:31:15.001Z [error]: SequelizeConnectionError: Got timeout reading communication packets
    at ConnectionManager.connect (C:\Users\DELL\Desktop\kunal Data\Triangle Investment\triangle_apis\node_modules\sequelize\lib\dialects\mysql\connection-manager.js:102:17)
    at process.processTicksAndRejections (node:internal/process/task_queues:95:5)
    at async ConnectionManager._connect (C:\Users\DELL\Desktop\kunal Data\Triangle Investment\triangle_apis\node_modules\sequelize\lib\dialects\abstract\connection-manager.js:222:24)
    at async C:\Users\DELL\Desktop\kunal Data\Triangle Investment\triangle_apis\node_modules\sequelize\lib\dialects\abstract\connection-manager.js:174:32
    at async ConnectionManager.getConnection (C:\Users\DELL\Desktop\kunal Data\Triangle Investment\triangle_apis\node_modules\sequelize\lib\dialects\abstract\connection-manager.js:197:7)
    at async C:\Users\DELL\Desktop\kunal Data\Triangle Investment\triangle_apis\node_modules\sequelize\lib\sequelize.js:305:26
    at async MySQLQueryInterface.tableExists (C:\Users\DELL\Desktop\kunal Data\Triangle Investment\triangle_apis\node_modules\sequelize\lib\dialects\abstract\query-interface.js:102:17)
    at async User.sync (C:\Users\DELL\Desktop\kunal Data\Triangle Investment\triangle_apis\node_modules\sequelize\lib\model.js:939:21)
    at async Sequelize.sync (C:\Users\DELL\Desktop\kunal Data\Triangle Investment\triangle_apis\node_modules\sequelize\lib\sequelize.js:377:9)
    at async startServer (file:///C:/Users/DELL/Desktop/kunal%20Data/Triangle%20Investment/triangle_apis/server.js:9:5)
2024-09-28T05:32:10.120Z [info]: Database Connected Successfully.
2024-09-28T05:32:10.131Z [info]: Server is running on port: 8900
2024-09-28T05:33:21.219Z [error]: SequelizeConnectionError: connect ETIMEDOUT
    at ConnectionManager.connect (C:\Users\DELL\Desktop\kunal Data\Triangle Investment\triangle_apis\node_modules\sequelize\lib\dialects\mysql\connection-manager.js:102:17)
    at process.processTicksAndRejections (node:internal/process/task_queues:95:5)
    at async ConnectionManager._connect (C:\Users\DELL\Desktop\kunal Data\Triangle Investment\triangle_apis\node_modules\sequelize\lib\dialects\abstract\connection-manager.js:222:24)
    at async C:\Users\DELL\Desktop\kunal Data\Triangle Investment\triangle_apis\node_modules\sequelize\lib\dialects\abstract\connection-manager.js:174:32
    at async ConnectionManager.getConnection (C:\Users\DELL\Desktop\kunal Data\Triangle Investment\triangle_apis\node_modules\sequelize\lib\dialects\abstract\connection-manager.js:197:7)
    at async C:\Users\DELL\Desktop\kunal Data\Triangle Investment\triangle_apis\node_modules\sequelize\lib\sequelize.js:305:26
    at async MySQLQueryInterface.tableExists (C:\Users\DELL\Desktop\kunal Data\Triangle Investment\triangle_apis\node_modules\sequelize\lib\dialects\abstract\query-interface.js:102:17)
    at async User.sync (C:\Users\DELL\Desktop\kunal Data\Triangle Investment\triangle_apis\node_modules\sequelize\lib\model.js:939:21)
    at async Sequelize.sync (C:\Users\DELL\Desktop\kunal Data\Triangle Investment\triangle_apis\node_modules\sequelize\lib\sequelize.js:377:9)
    at async startServer (file:///C:/Users/DELL/Desktop/kunal%20Data/Triangle%20Investment/triangle_apis/server.js:9:5)
2024-09-28T05:33:48.270Z [error]: SequelizeConnectionError: connect ETIMEDOUT
    at ConnectionManager.connect (C:\Users\DELL\Desktop\kunal Data\Triangle Investment\triangle_apis\node_modules\sequelize\lib\dialects\mysql\connection-manager.js:102:17)
    at process.processTicksAndRejections (node:internal/process/task_queues:95:5)
    at async ConnectionManager._connect (C:\Users\DELL\Desktop\kunal Data\Triangle Investment\triangle_apis\node_modules\sequelize\lib\dialects\abstract\connection-manager.js:222:24)
    at async C:\Users\DELL\Desktop\kunal Data\Triangle Investment\triangle_apis\node_modules\sequelize\lib\dialects\abstract\connection-manager.js:174:32
    at async ConnectionManager.getConnection (C:\Users\DELL\Desktop\kunal Data\Triangle Investment\triangle_apis\node_modules\sequelize\lib\dialects\abstract\connection-manager.js:197:7)
    at async C:\Users\DELL\Desktop\kunal Data\Triangle Investment\triangle_apis\node_modules\sequelize\lib\sequelize.js:305:26
    at async MySQLQueryInterface.tableExists (C:\Users\DELL\Desktop\kunal Data\Triangle Investment\triangle_apis\node_modules\sequelize\lib\dialects\abstract\query-interface.js:102:17)
    at async User.sync (C:\Users\DELL\Desktop\kunal Data\Triangle Investment\triangle_apis\node_modules\sequelize\lib\model.js:939:21)
    at async Sequelize.sync (C:\Users\DELL\Desktop\kunal Data\Triangle Investment\triangle_apis\node_modules\sequelize\lib\sequelize.js:377:9)
    at async startServer (file:///C:/Users/DELL/Desktop/kunal%20Data/Triangle%20Investment/triangle_apis/server.js:9:5)
2024-09-28T05:34:43.271Z [error]: SequelizeConnectionError: Got timeout reading communication packets
    at ConnectionManager.connect (C:\Users\DELL\Desktop\kunal Data\Triangle Investment\triangle_apis\node_modules\sequelize\lib\dialects\mysql\connection-manager.js:102:17)
    at process.processTicksAndRejections (node:internal/process/task_queues:95:5)
    at async ConnectionManager._connect (C:\Users\DELL\Desktop\kunal Data\Triangle Investment\triangle_apis\node_modules\sequelize\lib\dialects\abstract\connection-manager.js:222:24)
2024-09-28T05:35:17.408Z [error]: SequelizeConnectionError: connect ETIMEDOUT
    at ConnectionManager.connect (C:\Users\DELL\Desktop\kunal Data\Triangle Investment\triangle_apis\node_modules\sequelize\lib\dialects\mysql\connection-manager.js:102:17)
    at process.processTicksAndRejections (node:internal/process/task_queues:95:5)
    at async ConnectionManager._connect (C:\Users\DELL\Desktop\kunal Data\Triangle Investment\triangle_apis\node_modules\sequelize\lib\dialects\abstract\connection-manager.js:222:24)
    at async C:\Users\DELL\Desktop\kunal Data\Triangle Investment\triangle_apis\node_modules\sequelize\lib\dialects\abstract\connection-manager.js:174:32
    at async ConnectionManager.getConnection (C:\Users\DELL\Desktop\kunal Data\Triangle Investment\triangle_apis\node_modules\sequelize\lib\dialects\abstract\connection-manager.js:197:7)
    at async C:\Users\DELL\Desktop\kunal Data\Triangle Investment\triangle_apis\node_modules\sequelize\lib\sequelize.js:305:26
    at async MySQLQueryInterface.tableExists (C:\Users\DELL\Desktop\kunal Data\Triangle Investment\triangle_apis\node_modules\sequelize\lib\dialects\abstract\query-interface.js:102:17)
    at async User.sync (C:\Users\DELL\Desktop\kunal Data\Triangle Investment\triangle_apis\node_modules\sequelize\lib\model.js:939:21)
    at async Sequelize.sync (C:\Users\DELL\Desktop\kunal Data\Triangle Investment\triangle_apis\node_modules\sequelize\lib\sequelize.js:377:9)
    at async startServer (file:///C:/Users/DELL/Desktop/kunal%20Data/Triangle%20Investment/triangle_apis/server.js:9:5)
2024-09-28T05:36:10.722Z [error]: SequelizeConnectionError: connect ETIMEDOUT
    at ConnectionManager.connect (C:\Users\DELL\Desktop\kunal Data\Triangle Investment\triangle_apis\node_modules\sequelize\lib\dialects\mysql\connection-manager.js:102:17)
    at process.processTicksAndRejections (node:internal/process/task_queues:95:5)
    at async ConnectionManager._connect (C:\Users\DELL\Desktop\kunal Data\Triangle Investment\triangle_apis\node_modules\sequelize\lib\dialects\abstract\connection-manager.js:222:24)
    at async C:\Users\DELL\Desktop\kunal Data\Triangle Investment\triangle_apis\node_modules\sequelize\lib\dialects\abstract\connection-manager.js:174:32
    at async ConnectionManager.getConnection (C:\Users\DELL\Desktop\kunal Data\Triangle Investment\triangle_apis\node_modules\sequelize\lib\dialects\abstract\connection-manager.js:197:7)
    at async C:\Users\DELL\Desktop\kunal Data\Triangle Investment\triangle_apis\node_modules\sequelize\lib\sequelize.js:305:26
    at async MySQLQueryInterface.tableExists (C:\Users\DELL\Desktop\kunal Data\Triangle Investment\triangle_apis\node_modules\sequelize\lib\dialects\abstract\query-interface.js:102:17)
    at async User.sync (C:\Users\DELL\Desktop\kunal Data\Triangle Investment\triangle_apis\node_modules\sequelize\lib\model.js:939:21)
    at async Sequelize.sync (C:\Users\DELL\Desktop\kunal Data\Triangle Investment\triangle_apis\node_modules\sequelize\lib\sequelize.js:377:9)
    at async startServer (file:///C:/Users/DELL/Desktop/kunal%20Data/Triangle%20Investment/triangle_apis/server.js:9:5)
2024-09-28T05:41:09.287Z [error]: SequelizeConnectionError: Got timeout reading communication packets
    at ConnectionManager.connect (C:\Users\DELL\Desktop\kunal Data\Triangle Investment\triangle_apis\node_modules\sequelize\lib\dialects\mysql\connection-manager.js:102:17)
    at process.processTicksAndRejections (node:internal/process/task_queues:95:5)
    at async ConnectionManager._connect (C:\Users\DELL\Desktop\kunal Data\Triangle Investment\triangle_apis\node_modules\sequelize\lib\dialects\abstract\connection-manager.js:222:24)
    at async C:\Users\DELL\Desktop\kunal Data\Triangle Investment\triangle_apis\node_modules\sequelize\lib\dialects\abstract\connection-manager.js:174:32
    at async ConnectionManager.getConnection (C:\Users\DELL\Desktop\kunal Data\Triangle Investment\triangle_apis\node_modules\sequelize\lib\dialects\abstract\connection-manager.js:197:7)
    at async C:\Users\DELL\Desktop\kunal Data\Triangle Investment\triangle_apis\node_modules\sequelize\lib\sequelize.js:305:26
    at async MySQLQueryInterface.tableExists (C:\Users\DELL\Desktop\kunal Data\Triangle Investment\triangle_apis\node_modules\sequelize\lib\dialects\abstract\query-interface.js:102:17)
    at async User.sync (C:\Users\DELL\Desktop\kunal Data\Triangle Investment\triangle_apis\node_modules\sequelize\lib\model.js:939:21)
    at async Sequelize.sync (C:\Users\DELL\Desktop\kunal Data\Triangle Investment\triangle_apis\node_modules\sequelize\lib\sequelize.js:377:9)
    at async startServer (file:///C:/Users/DELL/Desktop/kunal%20Data/Triangle%20Investment/triangle_apis/server.js:9:5)
2024-09-28T05:41:45.685Z [info]: Database Connected Successfully.
2024-09-28T05:41:45.697Z [info]: Server is running on port: 8900
2024-09-28T05:42:00.512Z [info]: Database Connected Successfully.
2024-09-28T05:42:00.523Z [info]: Server is running on port: 8900
2024-09-28T05:46:54.292Z [error]: SequelizeHostNotReachableError: connect EHOSTUNREACH 82.112.230.104:3306
    at ConnectionManager.connect (C:\Users\DELL\Desktop\kunal Data\Triangle Investment\triangle_apis\node_modules\sequelize\lib\dialects\mysql\connection-manager.js:98:17)
    at process.processTicksAndRejections (node:internal/process/task_queues:95:5)
    at async ConnectionManager._connect (C:\Users\DELL\Desktop\kunal Data\Triangle Investment\triangle_apis\node_modules\sequelize\lib\dialects\abstract\connection-manager.js:222:24)
    at async C:\Users\DELL\Desktop\kunal Data\Triangle Investment\triangle_apis\node_modules\sequelize\lib\dialects\abstract\connection-manager.js:174:32
    at async ConnectionManager.getConnection (C:\Users\DELL\Desktop\kunal Data\Triangle Investment\triangle_apis\node_modules\sequelize\lib\dialects\abstract\connection-manager.js:197:7)
    at async C:\Users\DELL\Desktop\kunal Data\Triangle Investment\triangle_apis\node_modules\sequelize\lib\sequelize.js:305:26
    at async MySQLQueryInterface.tableExists (C:\Users\DELL\Desktop\kunal Data\Triangle Investment\triangle_apis\node_modules\sequelize\lib\dialects\abstract\query-interface.js:102:17)
    at async User.sync (C:\Users\DELL\Desktop\kunal Data\Triangle Investment\triangle_apis\node_modules\sequelize\lib\model.js:939:21)
    at async Sequelize.sync (C:\Users\DELL\Desktop\kunal Data\Triangle Investment\triangle_apis\node_modules\sequelize\lib\sequelize.js:377:9)
    at async startServer (file:///C:/Users/DELL/Desktop/kunal%20Data/Triangle%20Investment/triangle_apis/server.js:9:5)
2024-09-28T05:47:16.374Z [error]: SequelizeHostNotReachableError: connect EHOSTUNREACH 82.112.230.104:3306
    at ConnectionManager.connect (C:\Users\DELL\Desktop\kunal Data\Triangle Investment\triangle_apis\node_modules\sequelize\lib\dialects\mysql\connection-manager.js:98:17)
    at process.processTicksAndRejections (node:internal/process/task_queues:95:5)
    at async ConnectionManager._connect (C:\Users\DELL\Desktop\kunal Data\Triangle Investment\triangle_apis\node_modules\sequelize\lib\dialects\abstract\connection-manager.js:222:24)
    at async C:\Users\DELL\Desktop\kunal Data\Triangle Investment\triangle_apis\node_modules\sequelize\lib\dialects\abstract\connection-manager.js:174:32
    at async ConnectionManager.getConnection (C:\Users\DELL\Desktop\kunal Data\Triangle Investment\triangle_apis\node_modules\sequelize\lib\dialects\abstract\connection-manager.js:197:7)
    at async C:\Users\DELL\Desktop\kunal Data\Triangle Investment\triangle_apis\node_modules\sequelize\lib\sequelize.js:305:26
    at async MySQLQueryInterface.tableExists (C:\Users\DELL\Desktop\kunal Data\Triangle Investment\triangle_apis\node_modules\sequelize\lib\dialects\abstract\query-interface.js:102:17)
    at async User.sync (C:\Users\DELL\Desktop\kunal Data\Triangle Investment\triangle_apis\node_modules\sequelize\lib\model.js:939:21)
    at async Sequelize.sync (C:\Users\DELL\Desktop\kunal Data\Triangle Investment\triangle_apis\node_modules\sequelize\lib\sequelize.js:377:9)
    at async startServer (file:///C:/Users/DELL/Desktop/kunal%20Data/Triangle%20Investment/triangle_apis/server.js:9:5)
2024-09-28T05:54:03.747Z [info]: Database Connected Successfully.
2024-09-28T05:54:03.765Z [info]: Server is running on port: 8900
2024-09-28T09:38:42.227Z [error]: SequelizeHostNotReachableError: connect EHOSTUNREACH 82.112.230.104:3306
    at ConnectionManager.connect (C:\Users\DELL\Desktop\kunal Data\Triangle Investment\triangle_apis\node_modules\sequelize\lib\dialects\mysql\connection-manager.js:98:17)
    at process.processTicksAndRejections (node:internal/process/task_queues:95:5)
    at async ConnectionManager._connect (C:\Users\DELL\Desktop\kunal Data\Triangle Investment\triangle_apis\node_modules\sequelize\lib\dialects\abstract\connection-manager.js:222:24)
    at async C:\Users\DELL\Desktop\kunal Data\Triangle Investment\triangle_apis\node_modules\sequelize\lib\dialects\abstract\connection-manager.js:174:32
    at async ConnectionManager.getConnection (C:\Users\DELL\Desktop\kunal Data\Triangle Investment\triangle_apis\node_modules\sequelize\lib\dialects\abstract\connection-manager.js:197:7)
    at async C:\Users\DELL\Desktop\kunal Data\Triangle Investment\triangle_apis\node_modules\sequelize\lib\sequelize.js:305:26
    at async MySQLQueryInterface.tableExists (C:\Users\DELL\Desktop\kunal Data\Triangle Investment\triangle_apis\node_modules\sequelize\lib\dialects\abstract\query-interface.js:102:17)
    at async User.sync (C:\Users\DELL\Desktop\kunal Data\Triangle Investment\triangle_apis\node_modules\sequelize\lib\model.js:939:21)
    at async Sequelize.sync (C:\Users\DELL\Desktop\kunal Data\Triangle Investment\triangle_apis\node_modules\sequelize\lib\sequelize.js:377:9)
    at async startServer (file:///C:/Users/DELL/Desktop/kunal%20Data/Triangle%20Investment/triangle_apis/server.js:9:5)
2024-09-28T09:38:47.458Z [error]: SequelizeHostNotReachableError: connect EHOSTUNREACH 82.112.230.104:3306
    at ConnectionManager.connect (C:\Users\DELL\Desktop\kunal Data\Triangle Investment\triangle_apis\node_modules\sequelize\lib\dialects\mysql\connection-manager.js:98:17)
    at process.processTicksAndRejections (node:internal/process/task_queues:95:5)
    at async ConnectionManager._connect (C:\Users\DELL\Desktop\kunal Data\Triangle Investment\triangle_apis\node_modules\sequelize\lib\dialects\abstract\connection-manager.js:222:24)
    at async C:\Users\DELL\Desktop\kunal Data\Triangle Investment\triangle_apis\node_modules\sequelize\lib\dialects\abstract\connection-manager.js:174:32
    at async ConnectionManager.getConnection (C:\Users\DELL\Desktop\kunal Data\Triangle Investment\triangle_apis\node_modules\sequelize\lib\dialects\abstract\connection-manager.js:197:7)
    at async C:\Users\DELL\Desktop\kunal Data\Triangle Investment\triangle_apis\node_modules\sequelize\lib\sequelize.js:305:26
    at async MySQLQueryInterface.tableExists (C:\Users\DELL\Desktop\kunal Data\Triangle Investment\triangle_apis\node_modules\sequelize\lib\dialects\abstract\query-interface.js:102:17)
    at async User.sync (C:\Users\DELL\Desktop\kunal Data\Triangle Investment\triangle_apis\node_modules\sequelize\lib\model.js:939:21)
    at async Sequelize.sync (C:\Users\DELL\Desktop\kunal Data\Triangle Investment\triangle_apis\node_modules\sequelize\lib\sequelize.js:377:9)
    at async startServer (file:///C:/Users/DELL/Desktop/kunal%20Data/Triangle%20Investment/triangle_apis/server.js:9:5)
2024-09-28T09:38:52.992Z [error]: SequelizeHostNotReachableError: connect EHOSTUNREACH 82.112.230.104:3306
    at ConnectionManager.connect (C:\Users\DELL\Desktop\kunal Data\Triangle Investment\triangle_apis\node_modules\sequelize\lib\dialects\mysql\connection-manager.js:98:17)
    at process.processTicksAndRejections (node:internal/process/task_queues:95:5)
    at async ConnectionManager._connect (C:\Users\DELL\Desktop\kunal Data\Triangle Investment\triangle_apis\node_modules\sequelize\lib\dialects\abstract\connection-manager.js:222:24)
    at async C:\Users\DELL\Desktop\kunal Data\Triangle Investment\triangle_apis\node_modules\sequelize\lib\dialects\abstract\connection-manager.js:174:32
    at async ConnectionManager.getConnection (C:\Users\DELL\Desktop\kunal Data\Triangle Investment\triangle_apis\node_modules\sequelize\lib\dialects\abstract\connection-manager.js:197:7)
    at async C:\Users\DELL\Desktop\kunal Data\Triangle Investment\triangle_apis\node_modules\sequelize\lib\sequelize.js:305:26
    at async MySQLQueryInterface.tableExists (C:\Users\DELL\Desktop\kunal Data\Triangle Investment\triangle_apis\node_modules\sequelize\lib\dialects\abstract\query-interface.js:102:17)
    at async User.sync (C:\Users\DELL\Desktop\kunal Data\Triangle Investment\triangle_apis\node_modules\sequelize\lib\model.js:939:21)
    at async Sequelize.sync (C:\Users\DELL\Desktop\kunal Data\Triangle Investment\triangle_apis\node_modules\sequelize\lib\sequelize.js:377:9)
    at async startServer (file:///C:/Users/DELL/Desktop/kunal%20Data/Triangle%20Investment/triangle_apis/server.js:9:5)
2024-09-28T09:39:03.270Z [error]: SequelizeHostNotReachableError: connect EHOSTUNREACH 82.112.230.104:3306
    at ConnectionManager.connect (C:\Users\DELL\Desktop\kunal Data\Triangle Investment\triangle_apis\node_modules\sequelize\lib\dialects\mysql\connection-manager.js:98:17)
    at process.processTicksAndRejections (node:internal/process/task_queues:95:5)
    at async ConnectionManager._connect (C:\Users\DELL\Desktop\kunal Data\Triangle Investment\triangle_apis\node_modules\sequelize\lib\dialects\abstract\connection-manager.js:222:24)
    at async C:\Users\DELL\Desktop\kunal Data\Triangle Investment\triangle_apis\node_modules\sequelize\lib\dialects\abstract\connection-manager.js:174:32
    at async ConnectionManager.getConnection (C:\Users\DELL\Desktop\kunal Data\Triangle Investment\triangle_apis\node_modules\sequelize\lib\dialects\abstract\connection-manager.js:197:7)
    at async C:\Users\DELL\Desktop\kunal Data\Triangle Investment\triangle_apis\node_modules\sequelize\lib\sequelize.js:305:26
    at async MySQLQueryInterface.tableExists (C:\Users\DELL\Desktop\kunal Data\Triangle Investment\triangle_apis\node_modules\sequelize\lib\dialects\abstract\query-interface.js:102:17)
    at async User.sync (C:\Users\DELL\Desktop\kunal Data\Triangle Investment\triangle_apis\node_modules\sequelize\lib\model.js:939:21)
    at async Sequelize.sync (C:\Users\DELL\Desktop\kunal Data\Triangle Investment\triangle_apis\node_modules\sequelize\lib\sequelize.js:377:9)
    at async startServer (file:///C:/Users/DELL/Desktop/kunal%20Data/Triangle%20Investment/triangle_apis/server.js:9:5)
2024-09-28T09:39:07.864Z [error]: SequelizeHostNotReachableError: connect EHOSTUNREACH 82.112.230.104:3306
    at ConnectionManager.connect (C:\Users\DELL\Desktop\kunal Data\Triangle Investment\triangle_apis\node_modules\sequelize\lib\dialects\mysql\connection-manager.js:98:17)
    at process.processTicksAndRejections (node:internal/process/task_queues:95:5)
    at async ConnectionManager._connect (C:\Users\DELL\Desktop\kunal Data\Triangle Investment\triangle_apis\node_modules\sequelize\lib\dialects\abstract\connection-manager.js:222:24)
    at async C:\Users\DELL\Desktop\kunal Data\Triangle Investment\triangle_apis\node_modules\sequelize\lib\dialects\abstract\connection-manager.js:174:32
    at async ConnectionManager.getConnection (C:\Users\DELL\Desktop\kunal Data\Triangle Investment\triangle_apis\node_modules\sequelize\lib\dialects\abstract\connection-manager.js:197:7)
    at async C:\Users\DELL\Desktop\kunal Data\Triangle Investment\triangle_apis\node_modules\sequelize\lib\sequelize.js:305:26
    at async MySQLQueryInterface.tableExists (C:\Users\DELL\Desktop\kunal Data\Triangle Investment\triangle_apis\node_modules\sequelize\lib\dialects\abstract\query-interface.js:102:17)
    at async User.sync (C:\Users\DELL\Desktop\kunal Data\Triangle Investment\triangle_apis\node_modules\sequelize\lib\model.js:939:21)
    at async Sequelize.sync (C:\Users\DELL\Desktop\kunal Data\Triangle Investment\triangle_apis\node_modules\sequelize\lib\sequelize.js:377:9)
    at async startServer (file:///C:/Users/DELL/Desktop/kunal%20Data/Triangle%20Investment/triangle_apis/server.js:9:5)
2024-09-28T09:39:38.668Z [error]: SequelizeHostNotReachableError: connect EHOSTUNREACH 82.112.230.104:3306
    at ConnectionManager.connect (C:\Users\DELL\Desktop\kunal Data\Triangle Investment\triangle_apis\node_modules\sequelize\lib\dialects\mysql\connection-manager.js:98:17)
    at process.processTicksAndRejections (node:internal/process/task_queues:95:5)
    at async ConnectionManager._connect (C:\Users\DELL\Desktop\kunal Data\Triangle Investment\triangle_apis\node_modules\sequelize\lib\dialects\abstract\connection-manager.js:222:24)
    at async C:\Users\DELL\Desktop\kunal Data\Triangle Investment\triangle_apis\node_modules\sequelize\lib\dialects\abstract\connection-manager.js:174:32
    at async ConnectionManager.getConnection (C:\Users\DELL\Desktop\kunal Data\Triangle Investment\triangle_apis\node_modules\sequelize\lib\dialects\abstract\connection-manager.js:197:7)
    at async C:\Users\DELL\Desktop\kunal Data\Triangle Investment\triangle_apis\node_modules\sequelize\lib\sequelize.js:305:26
    at async MySQLQueryInterface.tableExists (C:\Users\DELL\Desktop\kunal Data\Triangle Investment\triangle_apis\node_modules\sequelize\lib\dialects\abstract\query-interface.js:102:17)
    at async User.sync (C:\Users\DELL\Desktop\kunal Data\Triangle Investment\triangle_apis\node_modules\sequelize\lib\model.js:939:21)
    at async Sequelize.sync (C:\Users\DELL\Desktop\kunal Data\Triangle Investment\triangle_apis\node_modules\sequelize\lib\sequelize.js:377:9)
    at async startServer (file:///C:/Users/DELL/Desktop/kunal%20Data/Triangle%20Investment/triangle_apis/server.js:9:5)
2024-09-28T09:40:00.071Z [error]: SequelizeHostNotReachableError: connect EHOSTUNREACH 82.112.230.104:3306
    at ConnectionManager.connect (C:\Users\DELL\Desktop\kunal Data\Triangle Investment\triangle_apis\node_modules\sequelize\lib\dialects\mysql\connection-manager.js:98:17)
    at process.processTicksAndRejections (node:internal/process/task_queues:95:5)
    at async ConnectionManager._connect (C:\Users\DELL\Desktop\kunal Data\Triangle Investment\triangle_apis\node_modules\sequelize\lib\dialects\abstract\connection-manager.js:222:24)
    at async C:\Users\DELL\Desktop\kunal Data\Triangle Investment\triangle_apis\node_modules\sequelize\lib\dialects\abstract\connection-manager.js:174:32
    at async ConnectionManager.getConnection (C:\Users\DELL\Desktop\kunal Data\Triangle Investment\triangle_apis\node_modules\sequelize\lib\dialects\abstract\connection-manager.js:197:7)
    at async C:\Users\DELL\Desktop\kunal Data\Triangle Investment\triangle_apis\node_modules\sequelize\lib\sequelize.js:305:26
    at async MySQLQueryInterface.tableExists (C:\Users\DELL\Desktop\kunal Data\Triangle Investment\triangle_apis\node_modules\sequelize\lib\dialects\abstract\query-interface.js:102:17)
    at async User.sync (C:\Users\DELL\Desktop\kunal Data\Triangle Investment\triangle_apis\node_modules\sequelize\lib\model.js:939:21)
    at async Sequelize.sync (C:\Users\DELL\Desktop\kunal Data\Triangle Investment\triangle_apis\node_modules\sequelize\lib\sequelize.js:377:9)
    at async startServer (file:///C:/Users/DELL/Desktop/kunal%20Data/Triangle%20Investment/triangle_apis/server.js:9:5)
2024-09-28T09:40:38.810Z [error]: SequelizeHostNotReachableError: connect EHOSTUNREACH 82.112.230.104:3306
    at ConnectionManager.connect (C:\Users\DELL\Desktop\kunal Data\Triangle Investment\triangle_apis\node_modules\sequelize\lib\dialects\mysql\connection-manager.js:98:17)
    at process.processTicksAndRejections (node:internal/process/task_queues:95:5)
    at async ConnectionManager._connect (C:\Users\DELL\Desktop\kunal Data\Triangle Investment\triangle_apis\node_modules\sequelize\lib\dialects\abstract\connection-manager.js:222:24)
    at async C:\Users\DELL\Desktop\kunal Data\Triangle Investment\triangle_apis\node_modules\sequelize\lib\dialects\abstract\connection-manager.js:174:32
    at async ConnectionManager.getConnection (C:\Users\DELL\Desktop\kunal Data\Triangle Investment\triangle_apis\node_modules\sequelize\lib\dialects\abstract\connection-manager.js:197:7)
    at async C:\Users\DELL\Desktop\kunal Data\Triangle Investment\triangle_apis\node_modules\sequelize\lib\sequelize.js:305:26
    at async MySQLQueryInterface.tableExists (C:\Users\DELL\Desktop\kunal Data\Triangle Investment\triangle_apis\node_modules\sequelize\lib\dialects\abstract\query-interface.js:102:17)
    at async User.sync (C:\Users\DELL\Desktop\kunal Data\Triangle Investment\triangle_apis\node_modules\sequelize\lib\model.js:939:21)
    at async Sequelize.sync (C:\Users\DELL\Desktop\kunal Data\Triangle Investment\triangle_apis\node_modules\sequelize\lib\sequelize.js:377:9)
    at async startServer (file:///C:/Users/DELL/Desktop/kunal%20Data/Triangle%20Investment/triangle_apis/server.js:9:5)
2024-09-28T09:41:03.233Z [error]: SequelizeHostNotReachableError: connect EHOSTUNREACH 82.112.230.104:3306
    at ConnectionManager.connect (C:\Users\DELL\Desktop\kunal Data\Triangle Investment\triangle_apis\node_modules\sequelize\lib\dialects\mysql\connection-manager.js:98:17)
    at process.processTicksAndRejections (node:internal/process/task_queues:95:5)
    at async ConnectionManager._connect (C:\Users\DELL\Desktop\kunal Data\Triangle Investment\triangle_apis\node_modules\sequelize\lib\dialects\abstract\connection-manager.js:222:24)
    at async C:\Users\DELL\Desktop\kunal Data\Triangle Investment\triangle_apis\node_modules\sequelize\lib\dialects\abstract\connection-manager.js:174:32
    at async ConnectionManager.getConnection (C:\Users\DELL\Desktop\kunal Data\Triangle Investment\triangle_apis\node_modules\sequelize\lib\dialects\abstract\connection-manager.js:197:7)
    at async C:\Users\DELL\Desktop\kunal Data\Triangle Investment\triangle_apis\node_modules\sequelize\lib\sequelize.js:305:26
    at async MySQLQueryInterface.tableExists (C:\Users\DELL\Desktop\kunal Data\Triangle Investment\triangle_apis\node_modules\sequelize\lib\dialects\abstract\query-interface.js:102:17)
    at async User.sync (C:\Users\DELL\Desktop\kunal Data\Triangle Investment\triangle_apis\node_modules\sequelize\lib\model.js:939:21)
    at async Sequelize.sync (C:\Users\DELL\Desktop\kunal Data\Triangle Investment\triangle_apis\node_modules\sequelize\lib\sequelize.js:377:9)
    at async startServer (file:///C:/Users/DELL/Desktop/kunal%20Data/Triangle%20Investment/triangle_apis/server.js:9:5)
2024-09-28T09:42:17.831Z [error]: SequelizeHostNotReachableError: connect EHOSTUNREACH 82.112.230.104:3306
    at ConnectionManager.connect (C:\Users\DELL\Desktop\kunal Data\Triangle Investment\triangle_apis\node_modules\sequelize\lib\dialects\mysql\connection-manager.js:98:17)
    at process.processTicksAndRejections (node:internal/process/task_queues:95:5)
    at async ConnectionManager._connect (C:\Users\DELL\Desktop\kunal Data\Triangle Investment\triangle_apis\node_modules\sequelize\lib\dialects\abstract\connection-manager.js:222:24)
    at async C:\Users\DELL\Desktop\kunal Data\Triangle Investment\triangle_apis\node_modules\sequelize\lib\dialects\abstract\connection-manager.js:174:32
    at async ConnectionManager.getConnection (C:\Users\DELL\Desktop\kunal Data\Triangle Investment\triangle_apis\node_modules\sequelize\lib\dialects\abstract\connection-manager.js:197:7)
    at async C:\Users\DELL\Desktop\kunal Data\Triangle Investment\triangle_apis\node_modules\sequelize\lib\sequelize.js:305:26
    at async MySQLQueryInterface.tableExists (C:\Users\DELL\Desktop\kunal Data\Triangle Investment\triangle_apis\node_modules\sequelize\lib\dialects\abstract\query-interface.js:102:17)
    at async User.sync (C:\Users\DELL\Desktop\kunal Data\Triangle Investment\triangle_apis\node_modules\sequelize\lib\model.js:939:21)
    at async Sequelize.sync (C:\Users\DELL\Desktop\kunal Data\Triangle Investment\triangle_apis\node_modules\sequelize\lib\sequelize.js:377:9)
    at async startServer (file:///C:/Users/DELL/Desktop/kunal%20Data/Triangle%20Investment/triangle_apis/server.js:9:5)
2024-09-28T09:42:43.142Z [error]: SequelizeHostNotReachableError: connect EHOSTUNREACH 82.112.230.104:3306
    at ConnectionManager.connect (C:\Users\DELL\Desktop\kunal Data\Triangle Investment\triangle_apis\node_modules\sequelize\lib\dialects\mysql\connection-manager.js:98:17)
    at process.processTicksAndRejections (node:internal/process/task_queues:95:5)
    at async ConnectionManager._connect (C:\Users\DELL\Desktop\kunal Data\Triangle Investment\triangle_apis\node_modules\sequelize\lib\dialects\abstract\connection-manager.js:222:24)
    at async C:\Users\DELL\Desktop\kunal Data\Triangle Investment\triangle_apis\node_modules\sequelize\lib\dialects\abstract\connection-manager.js:174:32
    at async ConnectionManager.getConnection (C:\Users\DELL\Desktop\kunal Data\Triangle Investment\triangle_apis\node_modules\sequelize\lib\dialects\abstract\connection-manager.js:197:7)
    at async C:\Users\DELL\Desktop\kunal Data\Triangle Investment\triangle_apis\node_modules\sequelize\lib\sequelize.js:305:26
    at async MySQLQueryInterface.tableExists (C:\Users\DELL\Desktop\kunal Data\Triangle Investment\triangle_apis\node_modules\sequelize\lib\dialects\abstract\query-interface.js:102:17)
    at async User.sync (C:\Users\DELL\Desktop\kunal Data\Triangle Investment\triangle_apis\node_modules\sequelize\lib\model.js:939:21)
    at async Sequelize.sync (C:\Users\DELL\Desktop\kunal Data\Triangle Investment\triangle_apis\node_modules\sequelize\lib\sequelize.js:377:9)
    at async startServer (file:///C:/Users/DELL/Desktop/kunal%20Data/Triangle%20Investment/triangle_apis/server.js:9:5)
2024-09-28T09:42:55.129Z [error]: SequelizeHostNotReachableError: connect EHOSTUNREACH 82.112.230.104:3306
    at ConnectionManager.connect (C:\Users\DELL\Desktop\kunal Data\Triangle Investment\triangle_apis\node_modules\sequelize\lib\dialects\mysql\connection-manager.js:98:17)
    at process.processTicksAndRejections (node:internal/process/task_queues:95:5)
    at async ConnectionManager._connect (C:\Users\DELL\Desktop\kunal Data\Triangle Investment\triangle_apis\node_modules\sequelize\lib\dialects\abstract\connection-manager.js:222:24)
    at async C:\Users\DELL\Desktop\kunal Data\Triangle Investment\triangle_apis\node_modules\sequelize\lib\dialects\abstract\connection-manager.js:174:32
    at async ConnectionManager.getConnection (C:\Users\DELL\Desktop\kunal Data\Triangle Investment\triangle_apis\node_modules\sequelize\lib\dialects\abstract\connection-manager.js:197:7)
    at async C:\Users\DELL\Desktop\kunal Data\Triangle Investment\triangle_apis\node_modules\sequelize\lib\sequelize.js:305:26
    at async MySQLQueryInterface.tableExists (C:\Users\DELL\Desktop\kunal Data\Triangle Investment\triangle_apis\node_modules\sequelize\lib\dialects\abstract\query-interface.js:102:17)
    at async User.sync (C:\Users\DELL\Desktop\kunal Data\Triangle Investment\triangle_apis\node_modules\sequelize\lib\model.js:939:21)
    at async Sequelize.sync (C:\Users\DELL\Desktop\kunal Data\Triangle Investment\triangle_apis\node_modules\sequelize\lib\sequelize.js:377:9)
    at async startServer (file:///C:/Users/DELL/Desktop/kunal%20Data/Triangle%20Investment/triangle_apis/server.js:9:5)
2024-09-28T09:43:47.504Z [error]: SequelizeHostNotReachableError: connect EHOSTUNREACH 82.112.230.104:3306
    at ConnectionManager.connect (C:\Users\DELL\Desktop\kunal Data\Triangle Investment\triangle_apis\node_modules\sequelize\lib\dialects\mysql\connection-manager.js:98:17)
    at process.processTicksAndRejections (node:internal/process/task_queues:95:5)
    at async ConnectionManager._connect (C:\Users\DELL\Desktop\kunal Data\Triangle Investment\triangle_apis\node_modules\sequelize\lib\dialects\abstract\connection-manager.js:222:24)
    at async C:\Users\DELL\Desktop\kunal Data\Triangle Investment\triangle_apis\node_modules\sequelize\lib\dialects\abstract\connection-manager.js:174:32
    at async ConnectionManager.getConnection (C:\Users\DELL\Desktop\kunal Data\Triangle Investment\triangle_apis\node_modules\sequelize\lib\dialects\abstract\connection-manager.js:197:7)
    at async C:\Users\DELL\Desktop\kunal Data\Triangle Investment\triangle_apis\node_modules\sequelize\lib\sequelize.js:305:26
    at async MySQLQueryInterface.tableExists (C:\Users\DELL\Desktop\kunal Data\Triangle Investment\triangle_apis\node_modules\sequelize\lib\dialects\abstract\query-interface.js:102:17)
    at async User.sync (C:\Users\DELL\Desktop\kunal Data\Triangle Investment\triangle_apis\node_modules\sequelize\lib\model.js:939:21)
    at async Sequelize.sync (C:\Users\DELL\Desktop\kunal Data\Triangle Investment\triangle_apis\node_modules\sequelize\lib\sequelize.js:377:9)
    at async startServer (file:///C:/Users/DELL/Desktop/kunal%20Data/Triangle%20Investment/triangle_apis/server.js:9:5)
2024-09-28T09:43:49.818Z [error]: SequelizeHostNotReachableError: connect EHOSTUNREACH 82.112.230.104:3306
    at ConnectionManager.connect (C:\Users\DELL\Desktop\kunal Data\Triangle Investment\triangle_apis\node_modules\sequelize\lib\dialects\mysql\connection-manager.js:98:17)
    at process.processTicksAndRejections (node:internal/process/task_queues:95:5)
    at async ConnectionManager._connect (C:\Users\DELL\Desktop\kunal Data\Triangle Investment\triangle_apis\node_modules\sequelize\lib\dialects\abstract\connection-manager.js:222:24)
    at async C:\Users\DELL\Desktop\kunal Data\Triangle Investment\triangle_apis\node_modules\sequelize\lib\dialects\abstract\connection-manager.js:174:32
    at async ConnectionManager.getConnection (C:\Users\DELL\Desktop\kunal Data\Triangle Investment\triangle_apis\node_modules\sequelize\lib\dialects\abstract\connection-manager.js:197:7)
    at async C:\Users\DELL\Desktop\kunal Data\Triangle Investment\triangle_apis\node_modules\sequelize\lib\sequelize.js:305:26
    at async MySQLQueryInterface.tableExists (C:\Users\DELL\Desktop\kunal Data\Triangle Investment\triangle_apis\node_modules\sequelize\lib\dialects\abstract\query-interface.js:102:17)
    at async User.sync (C:\Users\DELL\Desktop\kunal Data\Triangle Investment\triangle_apis\node_modules\sequelize\lib\model.js:939:21)
    at async Sequelize.sync (C:\Users\DELL\Desktop\kunal Data\Triangle Investment\triangle_apis\node_modules\sequelize\lib\sequelize.js:377:9)
    at async startServer (file:///C:/Users/DELL/Desktop/kunal%20Data/Triangle%20Investment/triangle_apis/server.js:9:5)
2024-09-28T10:24:24.101Z [info]: Database Connected Successfully.
2024-09-28T10:24:24.108Z [info]: Server is running on port: 8900
2024-09-28T10:24:38.754Z [info]: Database Connected Successfully.
2024-09-28T10:24:38.766Z [info]: Server is running on port: 8900
2024-09-28T10:25:05.989Z [info]: Database Connected Successfully.
2024-09-28T10:25:06.001Z [info]: Server is running on port: 8900
2024-09-28T10:25:17.610Z [info]: Database Connected Successfully.
2024-09-28T10:25:17.623Z [info]: Server is running on port: 8900
2024-09-28T10:25:57.873Z [info]: Database Connected Successfully.
2024-09-28T10:25:57.882Z [info]: Server is running on port: 8900
2024-09-28T10:31:05.733Z [info]: Database Connected Successfully.
2024-09-28T10:31:05.743Z [info]: Server is running on port: 8900
2024-09-28T10:31:52.335Z [info]: Database Connected Successfully.
2024-09-28T10:31:52.348Z [info]: Server is running on port: 8900
2024-09-28T10:31:59.949Z [info]: Database Connected Successfully.
2024-09-28T10:31:59.955Z [info]: Server is running on port: 8900
2024-09-28T10:32:19.241Z [info]: Database Connected Successfully.
2024-09-28T10:32:19.255Z [info]: Server is running on port: 8900
2024-09-28T10:33:04.593Z [info]: Database Connected Successfully.
2024-09-28T10:33:04.607Z [info]: Server is running on port: 8900
2024-09-28T10:35:37.544Z [info]: Database Connected Successfully.
2024-09-28T10:35:37.551Z [info]: Server is running on port: 8900
2024-09-28T11:11:01.385Z [info]: Database Connected Successfully.
2024-09-28T11:11:01.392Z [info]: Server is running on port: 8900
2024-09-28T11:12:50.024Z [info]: Database Connected Successfully.
2024-09-28T11:12:50.031Z [info]: Server is running on port: 8900
2024-09-28T21:08:57.510Z [info]: Database Connected Successfully.
2024-09-28T21:08:57.517Z [info]: Server is running on port: 8900
2024-09-28T21:09:20.315Z [info]: Database Connected Successfully.
2024-09-28T21:09:20.324Z [info]: Server is running on port: 8900
2024-10-02T20:16:38.171Z [info]: Database Connected Successfully.
2024-10-02T20:16:38.176Z [info]: Server is running on port: 8900
2024-10-02T20:32:55.788Z [info]: Database Connected Successfully.
2024-10-02T20:32:55.793Z [info]: Server is running on port: 8900
2024-10-02T20:33:07.441Z [info]: Database Connected Successfully.
2024-10-02T20:33:07.448Z [info]: Server is running on port: 8900
2024-10-02T20:34:22.442Z [info]: Database Connected Successfully.
2024-10-02T20:34:22.447Z [info]: Server is running on port: 8900
2024-10-02T20:34:43.162Z [info]: Database Connected Successfully.
2024-10-02T20:34:43.168Z [info]: Server is running on port: 8900
2024-10-02T20:35:39.917Z [info]: Database Connected Successfully.
2024-10-02T20:35:39.925Z [info]: Server is running on port: 8900
2024-10-02T20:36:35.638Z [info]: Database Connected Successfully.
2024-10-02T20:36:35.644Z [info]: Server is running on port: 8900
2024-10-02T20:39:08.575Z [info]: Database Connected Successfully.
2024-10-02T20:39:08.580Z [info]: Server is running on port: 8900
2024-10-02T20:39:57.749Z [info]: Database Connected Successfully.
2024-10-02T20:39:57.756Z [info]: Server is running on port: 8900
2024-10-02T20:40:30.224Z [info]: Database Connected Successfully.
2024-10-02T20:40:30.228Z [info]: Server is running on port: 8900
2024-10-02T20:42:04.534Z [info]: Database Connected Successfully.
2024-10-02T20:42:04.540Z [info]: Server is running on port: 8900
2024-10-02T20:53:14.594Z [info]: Database Connected Successfully.
2024-10-02T20:53:14.601Z [info]: Server is running on port: 8900
2024-10-02T20:59:46.289Z [info]: Database Connected Successfully.
2024-10-02T20:59:46.295Z [info]: Server is running on port: 8900
2024-10-02T21:06:10.965Z [info]: Database Connected Successfully.
2024-10-02T21:06:10.970Z [info]: Server is running on port: 8900
2024-10-02T21:09:18.335Z [info]: Database Connected Successfully.
2024-10-02T21:09:18.340Z [info]: Server is running on port: 8900
2024-10-03T18:18:38.116Z [info]: Database Connected Successfully.
2024-10-03T18:18:38.134Z [info]: Server is running on port: 8900
2024-10-03T18:41:21.070Z [info]: Database Connected Successfully.
2024-10-03T18:41:21.075Z [info]: Server is running on port: 8900
2024-10-03T18:41:32.925Z [info]: Database Connected Successfully.
2024-10-03T18:41:32.938Z [info]: Server is running on port: 8900
2024-10-03T18:42:53.577Z [info]: Database Connected Successfully.
2024-10-03T18:42:53.589Z [info]: Server is running on port: 8900
2024-10-03T18:43:12.287Z [info]: Database Connected Successfully.
2024-10-03T18:43:12.299Z [info]: Server is running on port: 8900
2024-10-03T18:43:48.787Z [info]: Database Connected Successfully.
2024-10-03T18:43:48.800Z [info]: Server is running on port: 8900
2024-10-03T18:44:19.257Z [info]: Database Connected Successfully.
2024-10-03T18:44:19.270Z [info]: Server is running on port: 8900
2024-10-03T18:44:36.749Z [info]: Database Connected Successfully.
2024-10-03T18:44:36.762Z [info]: Server is running on port: 8900
2024-10-03T19:44:12.699Z [info]: Database Connected Successfully.
2024-10-03T19:44:12.718Z [info]: Server is running on port: 8900
2024-10-03T20:06:04.268Z [info]: Database Connected Successfully.
2024-10-03T20:06:04.274Z [info]: Server is running on port: 8900
2024-10-05T11:13:40.294Z [info]: Database Connected Successfully.
2024-10-05T11:13:40.328Z [info]: Server is running on port: 8900
2024-10-21T21:23:48.778Z [info]: Database Connected Successfully.
2024-10-21T21:23:48.785Z [info]: Server is running on port: 8900
2024-10-21T21:28:30.291Z [info]: Database Connected Successfully.
2024-10-21T21:28:30.306Z [info]: Server is running on port: 8900
2024-10-21T21:30:59.911Z [info]: Database Connected Successfully.
2024-10-21T21:30:59.921Z [info]: Server is running on port: 8900
2024-10-21T21:33:59.824Z [info]: Database Connected Successfully.
2024-10-21T21:33:59.830Z [info]: Server is running on port: 8900
2024-10-21T21:35:22.111Z [info]: Database Connected Successfully.
2024-10-21T21:35:22.121Z [info]: Server is running on port: 8900
2024-10-21T21:56:08.284Z [info]: Database Connected Successfully.
2024-10-21T21:56:08.298Z [info]: Server is running on port: 8900
2024-10-21T22:10:13.865Z [info]: Database Connected Successfully.
2024-10-21T22:10:13.877Z [info]: Server is running on port: 8900
2024-10-21T22:14:30.475Z [info]: Database Connected Successfully.
2024-10-21T22:14:30.482Z [info]: Server is running on port: 8900
2024-10-21T22:15:00.246Z [info]: Database Connected Successfully.
2024-10-21T22:15:00.250Z [info]: Server is running on port: 8900
2024-10-21T22:21:00.426Z [info]: Database Connected Successfully.
2024-10-21T22:21:00.431Z [info]: Server is running on port: 8900
2024-10-21T22:22:18.969Z [info]: Database Connected Successfully.
2024-10-21T22:22:18.976Z [info]: Server is running on port: 8900
2024-10-21T22:23:19.474Z [info]: Database Connected Successfully.
2024-10-21T22:23:19.483Z [info]: Server is running on port: 8900
2024-10-21T22:34:21.480Z [info]: Database Connected Successfully.
2024-10-21T22:34:21.490Z [info]: Server is running on port: 8900
2024-10-26T21:27:42.535Z [info]: Database Connected Successfully.
2024-10-26T21:27:42.554Z [info]: Server is running on port: 8900
2024-10-27T04:20:31.327Z [info]: Database Connected Successfully.
2024-10-27T04:20:31.335Z [info]: Server is running on port: 8900
2024-10-27T05:13:58.542Z [info]: Database Connected Successfully.
2024-10-27T05:13:58.546Z [info]: Server is running on port: 8900
2024-10-27T05:17:00.640Z [info]: Database Connected Successfully.
2024-10-27T05:17:00.649Z [info]: Server is running on port: 8900
2024-10-27T05:18:14.711Z [info]: Database Connected Successfully.
2024-10-27T05:18:14.720Z [info]: Server is running on port: 8900
2024-10-27T05:22:42.464Z [info]: Database Connected Successfully.
2024-10-27T05:22:42.468Z [info]: Server is running on port: 8900
2024-10-27T05:22:50.906Z [info]: Database Connected Successfully.
2024-10-27T05:22:50.916Z [info]: Server is running on port: 8900
2024-10-27T05:23:08.896Z [info]: Database Connected Successfully.
2024-10-27T05:23:08.902Z [info]: Server is running on port: 8900
2024-10-27T05:25:06.813Z [info]: Database Connected Successfully.
2024-10-27T05:25:06.821Z [info]: Server is running on port: 8900
2024-10-27T05:26:50.779Z [info]: Database Connected Successfully.
2024-10-27T05:26:50.788Z [info]: Server is running on port: 8900
2024-10-27T05:26:59.320Z [info]: Database Connected Successfully.
2024-10-27T05:26:59.324Z [info]: Server is running on port: 8900
2024-10-27T05:30:06.038Z [info]: Database Connected Successfully.
2024-10-27T05:30:06.046Z [info]: Server is running on port: 8900
2024-10-27T05:33:48.942Z [info]: Database Connected Successfully.
2024-10-27T05:33:48.951Z [info]: Server is running on port: 8900
2024-10-27T05:34:40.633Z [info]: Database Connected Successfully.
2024-10-27T05:34:40.637Z [info]: Server is running on port: 8900
2024-10-27T05:35:32.832Z [info]: Database Connected Successfully.
2024-10-27T05:35:32.835Z [info]: Server is running on port: 8900
2024-10-27T05:35:44.734Z [info]: Database Connected Successfully.
2024-10-27T05:35:44.741Z [info]: Server is running on port: 8900
2024-10-27T05:36:20.153Z [info]: Database Connected Successfully.
2024-10-27T05:36:20.161Z [info]: Server is running on port: 8900
2024-10-27T20:34:59.419Z [info]: Database Connected Successfully.
2024-10-27T20:34:59.428Z [info]: Server is running on port: 8900
2024-10-27T20:44:06.405Z [info]: Database Connected Successfully.
2024-10-27T20:44:06.416Z [info]: Server is running on port: 8900
2024-10-27T21:24:54.581Z [info]: Database Connected Successfully.
2024-10-27T21:24:54.592Z [info]: Server is running on port: 8900
2024-10-27T21:25:25.173Z [info]: Database Connected Successfully.
2024-10-27T21:25:25.184Z [info]: Server is running on port: 8900
2024-10-27T21:25:53.487Z [info]: Database Connected Successfully.
2024-10-27T21:25:53.493Z [info]: Server is running on port: 8900
2024-10-31T15:06:06.349Z [info]: Database Connected Successfully.
2024-10-31T15:06:06.364Z [info]: Server is running on port: 8900
2024-10-31T15:08:48.349Z [info]: Database Connected Successfully.
2024-10-31T15:08:48.360Z [info]: Server is running on port: 8900
2024-10-31T15:12:20.542Z [info]: Database Connected Successfully.
2024-10-31T15:12:20.554Z [info]: Server is running on port: 8900
2024-10-31T15:12:41.415Z [info]: Database Connected Successfully.
2024-10-31T15:12:41.428Z [info]: Server is running on port: 8900
2024-10-31T15:12:49.556Z [info]: Database Connected Successfully.
2024-10-31T15:12:49.566Z [info]: Server is running on port: 8900
2024-10-31T15:12:58.339Z [info]: Database Connected Successfully.
2024-10-31T15:12:58.352Z [info]: Server is running on port: 8900
2024-10-31T15:13:07.258Z [info]: Database Connected Successfully.
2024-10-31T15:13:07.274Z [info]: Server is running on port: 8900
2024-10-31T15:13:15.733Z [info]: Database Connected Successfully.
2024-10-31T15:13:15.744Z [info]: Server is running on port: 8900
2024-10-31T15:16:06.286Z [info]: Database Connected Successfully.
2024-10-31T15:16:06.298Z [info]: Server is running on port: 8900
2024-10-31T15:17:16.332Z [info]: Database Connected Successfully.
2024-10-31T15:17:16.347Z [info]: Server is running on port: 8900
2024-10-31T15:39:46.223Z [info]: Database Connected Successfully.
2024-10-31T15:39:46.231Z [info]: Server is running on port: 8900
2024-10-31T15:40:40.667Z [info]: Database Connected Successfully.
2024-10-31T15:40:40.674Z [info]: Server is running on port: 8900
2024-10-31T15:41:03.943Z [info]: Database Connected Successfully.
2024-10-31T15:41:03.952Z [info]: Server is running on port: 8900
2024-10-31T15:42:02.712Z [info]: Database Connected Successfully.
2024-10-31T15:42:02.722Z [info]: Server is running on port: 8900
2024-10-31T15:42:11.149Z [info]: Database Connected Successfully.
2024-10-31T15:42:11.160Z [info]: Server is running on port: 8900
2024-10-31T15:42:28.276Z [info]: Database Connected Successfully.
2024-10-31T15:42:28.281Z [info]: Server is running on port: 8900
2024-10-31T15:43:20.025Z [info]: Database Connected Successfully.
2024-10-31T15:43:20.034Z [info]: Server is running on port: 8900
2024-10-31T15:43:38.630Z [info]: Database Connected Successfully.
2024-10-31T15:43:38.637Z [info]: Server is running on port: 8900
2024-10-31T15:43:47.418Z [info]: Database Connected Successfully.
2024-10-31T15:43:47.428Z [info]: Server is running on port: 8900
2024-10-31T15:49:55.049Z [info]: Database Connected Successfully.
2024-10-31T15:49:55.056Z [info]: Server is running on port: 8900
2024-10-31T15:51:50.269Z [info]: Database Connected Successfully.
2024-10-31T15:51:50.278Z [info]: Server is running on port: 8900
2024-10-31T15:52:04.181Z [info]: Database Connected Successfully.
2024-10-31T15:52:04.189Z [info]: Server is running on port: 8900
2024-10-31T15:52:53.887Z [info]: Database Connected Successfully.
2024-10-31T15:52:53.894Z [info]: Server is running on port: 8900
2024-10-31T15:53:31.755Z [info]: Database Connected Successfully.
2024-10-31T15:53:31.766Z [info]: Server is running on port: 8900
2024-10-31T15:54:01.912Z [info]: Database Connected Successfully.
2024-10-31T15:54:01.923Z [info]: Server is running on port: 8900
2024-10-31T15:55:58.952Z [info]: Database Connected Successfully.
2024-10-31T15:55:58.964Z [info]: Server is running on port: 8900
2024-10-31T15:58:06.911Z [info]: Database Connected Successfully.
2024-10-31T15:58:06.923Z [info]: Server is running on port: 8900
2024-10-31T15:58:59.389Z [info]: Database Connected Successfully.
2024-10-31T15:58:59.400Z [info]: Server is running on port: 8900
2024-10-31T16:02:43.167Z [info]: Database Connected Successfully.
2024-10-31T16:02:43.179Z [info]: Server is running on port: 8900
2024-10-31T16:03:01.136Z [info]: Database Connected Successfully.
2024-10-31T16:03:01.152Z [info]: Server is running on port: 8900
2024-10-31T16:03:52.825Z [info]: Database Connected Successfully.
2024-10-31T16:03:52.835Z [info]: Server is running on port: 8900
2024-10-31T16:04:46.659Z [info]: Database Connected Successfully.
2024-10-31T16:04:46.671Z [info]: Server is running on port: 8900
2024-10-31T16:06:43.058Z [info]: Database Connected Successfully.
2024-10-31T16:06:43.070Z [info]: Server is running on port: 8900
2024-11-20T20:13:55.527Z [info]: Database Connected Successfully.
2024-11-20T20:13:55.544Z [info]: Server is running on port: 8900
2024-11-20T20:41:42.502Z [info]: Database Connected Successfully.
2024-11-20T20:41:42.507Z [info]: Server is running on port: 8900
2024-11-20T20:43:49.696Z [info]: Database Connected Successfully.
2024-11-20T20:43:49.701Z [info]: Server is running on port: 8900
2024-11-20T20:43:58.096Z [info]: Database Connected Successfully.
2024-11-20T20:43:58.100Z [info]: Server is running on port: 8900
2024-11-20T20:44:09.209Z [info]: Database Connected Successfully.
2024-11-20T20:44:09.214Z [info]: Server is running on port: 8900
2024-11-20T20:44:27.789Z [info]: Database Connected Successfully.
2024-11-20T20:44:27.793Z [info]: Server is running on port: 8900
2024-11-20T20:44:57.269Z [info]: Database Connected Successfully.
2024-11-20T20:44:57.273Z [info]: Server is running on port: 8900
2024-11-20T20:45:09.993Z [info]: Database Connected Successfully.
2024-11-20T20:45:09.998Z [info]: Server is running on port: 8900
2024-11-20T20:45:45.320Z [info]: Database Connected Successfully.
2024-11-20T20:45:45.324Z [info]: Server is running on port: 8900
2024-11-20T20:46:10.684Z [info]: Database Connected Successfully.
2024-11-20T20:46:10.693Z [info]: Server is running on port: 8900
2024-11-20T20:46:25.105Z [info]: Database Connected Successfully.
2024-11-20T20:46:25.109Z [info]: Server is running on port: 8900
2024-11-20T20:46:43.600Z [info]: Database Connected Successfully.
2024-11-20T20:46:43.605Z [info]: Server is running on port: 8900
2024-11-20T20:47:27.057Z [info]: Database Connected Successfully.
2024-11-20T20:47:27.064Z [info]: Server is running on port: 8900
2024-11-20T20:47:33.905Z [info]: Database Connected Successfully.
2024-11-20T20:47:33.909Z [info]: Server is running on port: 8900
2024-11-20T20:53:01.140Z [info]: Database Connected Successfully.
2024-11-20T20:53:01.144Z [info]: Server is running on port: 8900
2024-11-20T20:55:16.029Z [info]: Database Connected Successfully.
2024-11-20T20:55:16.033Z [info]: Server is running on port: 8900
2024-11-20T20:55:34.077Z [info]: Database Connected Successfully.
2024-11-20T20:55:34.083Z [info]: Server is running on port: 8900
2024-11-20T20:56:03.163Z [info]: Database Connected Successfully.
2024-11-20T20:56:03.167Z [info]: Server is running on port: 8900
2024-11-20T20:58:42.198Z [info]: Database Connected Successfully.
2024-11-20T20:58:42.205Z [info]: Server is running on port: 8900
2024-11-20T20:58:49.260Z [info]: Database Connected Successfully.
2024-11-20T20:58:49.265Z [info]: Server is running on port: 8900
2024-11-20T21:07:30.382Z [info]: Database Connected Successfully.
2024-11-20T21:07:30.391Z [info]: Server is running on port: 8900
2024-11-20T21:10:02.976Z [info]: Database Connected Successfully.
2024-11-20T21:10:02.981Z [info]: Server is running on port: 8900
2025-01-21T06:18:45.672Z [error]: SequelizeAccessDeniedError: Access denied for user 'postgres'@'localhost' (using password: YES)
    at ConnectionManager.connect (C:\Users\DELL\Desktop\task managment\Task_Management_BE\node_modules\sequelize\lib\dialects\mysql\connection-manager.js:94:17)
    at process.processTicksAndRejections (node:internal/process/task_queues:95:5)
    at async ConnectionManager._connect (C:\Users\DELL\Desktop\task managment\Task_Management_BE\node_modules\sequelize\lib\dialects\abstract\connection-manager.js:222:24)
    at async C:\Users\DELL\Desktop\task managment\Task_Management_BE\node_modules\sequelize\lib\dialects\abstract\connection-manager.js:174:32
    at async ConnectionManager.getConnection (C:\Users\DELL\Desktop\task managment\Task_Management_BE\node_modules\sequelize\lib\dialects\abstract\connection-manager.js:197:7)
    at async C:\Users\DELL\Desktop\task managment\Task_Management_BE\node_modules\sequelize\lib\sequelize.js:305:26
    at async MySQLQueryInterface.tableExists (C:\Users\DELL\Desktop\task managment\Task_Management_BE\node_modules\sequelize\lib\dialects\abstract\query-interface.js:102:17)
    at async User.sync (C:\Users\DELL\Desktop\task managment\Task_Management_BE\node_modules\sequelize\lib\model.js:939:21)
    at async Sequelize.sync (C:\Users\DELL\Desktop\task managment\Task_Management_BE\node_modules\sequelize\lib\sequelize.js:377:9)
    at async startServer (file:///C:/Users/DELL/Desktop/task%20managment/Task_Management_BE/server.js:9:5)
2025-01-21T06:23:07.254Z [info]: Database Connected Successfully.
2025-01-21T06:23:07.261Z [info]: Server is running on port: 8900
